<?xml version="1.0" encoding="UTF-8"?>
<!-- Generated by org.testng.reporters.JUnitReportReporter -->
<testsuite hostname="attunepc" name="com.pack.one.TestA" tests="1" failures="0" timestamp="29 Oct 2015 06:35:25 GMT" time="31.661" errors="0">
  <testcase name="login" time="31.661" classname="com.pack.one.TestA"/>
</testsuite> <!-- com.pack.one.TestA -->
