<?xml version="1.0" encoding="UTF-8"?>
<!-- Generated by org.testng.reporters.JUnitReportReporter -->
<testsuite hostname="attunepc" name="com.pack.one.Bigbasket" tests="1" failures="0" timestamp="3 Feb 2016 07:12:08 GMT" time="238.400" errors="0">
  <testcase name="login" time="238.400" classname="com.pack.one.Bigbasket"/>
</testsuite> <!-- com.pack.one.Bigbasket -->
