<?xml version="1.0" encoding="UTF-8"?>
<!-- Generated by org.testng.reporters.JUnitReportReporter -->
<testsuite hostname="attunepc" name="com.pack.one.Zopnow" tests="1" failures="0" timestamp="3 Feb 2016 06:44:28 GMT" time="154.828" errors="0">
  <testcase name="login" time="154.828" classname="com.pack.one.Zopnow"/>
</testsuite> <!-- com.pack.one.Zopnow -->
